<?xml version="1.0" encoding="UTF-8" ?>
<testsuite tests="6" failures="0" name="TestMybatis" time="0.086" errors="0" skipped="0">
  <properties>
[...]
</properties>
  <testcase classname="TestMybatis" name="testMybatisDelete" time="0.012"/>
  <testcase classname="TestMybatis" name="testMybatisInsert" time="0.018"/>
  <testcase classname="TestMybatis" name="testMybatisSelect" time="0.015"/>
  <testcase classname="TestMybatis" name="testMybatisUpdate" time="0.014"/>
  <testcase classname="TestMybatis" name="testMybatiSelectAllEmp" time="0.014"/>
  <testcase classname="TestMybatis" name="testMybatisSelectCountEmp" time="0.013"/>
</testsuite>